[0.008s] Invoking command in '/home/nadav/ODrive_Controller/build/rosbot_bringup': CMAKE_PREFIX_PATH=/home/nadav/ODrive_Controller/install/rosbot_description:/home/nadav/ODrive_Controller/install/odrive_hardware_interface:/home/nadav/ODrive_Controller/install/rplidar_ros:/home/nadav/ODrive_Controller/install/rosbot_bringup:/home/nadav/ODrive_Controller/install/odrive_ros2_control:/home/nadav/ODrive_Controller/install/odrive_demo_bringup:/home/nadav/ODrive_Controller/install/odrive_demo_description:/opt/ros/humble LD_LIBRARY_PATH=/home/nadav/ODrive_Controller/install/odrive_hardware_interface/lib:/home/nadav/ODrive_Controller/install/rplidar_ros/lib:/usr/lib/x86_64-linux-gnu/gazebo-11/plugins:/opt/ros/humble/opt/rviz_ogre_vendor/lib:/opt/ros/humble/lib/x86_64-linux-gnu:/opt/ros/humble/lib /usr/bin/cmake /home/nadav/ODrive_Controller/src/rosbot_bringup -DCMAKE_INSTALL_PREFIX=/home/nadav/ODrive_Controller/install/rosbot_bringup
[0.041s] -- The C compiler identification is GNU 11.3.0
[0.077s] -- The CXX compiler identification is GNU 11.3.0
[0.082s] -- Detecting C compiler ABI info
[0.126s] -- Detecting C compiler ABI info - done
[0.131s] -- Check for working C compiler: /usr/bin/cc - skipped
[0.131s] -- Detecting C compile features
[0.131s] -- Detecting C compile features - done
[0.133s] -- Detecting CXX compiler ABI info
[0.183s] -- Detecting CXX compiler ABI info - done
[0.188s] -- Check for working CXX compiler: /usr/bin/c++ - skipped
[0.188s] -- Detecting CXX compile features
[0.188s] -- Detecting CXX compile features - done
[0.190s] -- Found ament_cmake: 1.3.2 (/opt/ros/humble/share/ament_cmake/cmake)
[0.306s] -- Found Python3: /usr/bin/python3.10 (found version "3.10.6") found components: Interpreter 
[0.409s] -- Configuring done
[0.411s] -- Generating done
[0.412s] -- Build files have been written to: /home/nadav/ODrive_Controller/build/rosbot_bringup
[0.416s] Invoked command in '/home/nadav/ODrive_Controller/build/rosbot_bringup' returned '0': CMAKE_PREFIX_PATH=/home/nadav/ODrive_Controller/install/rosbot_description:/home/nadav/ODrive_Controller/install/odrive_hardware_interface:/home/nadav/ODrive_Controller/install/rplidar_ros:/home/nadav/ODrive_Controller/install/rosbot_bringup:/home/nadav/ODrive_Controller/install/odrive_ros2_control:/home/nadav/ODrive_Controller/install/odrive_demo_bringup:/home/nadav/ODrive_Controller/install/odrive_demo_description:/opt/ros/humble LD_LIBRARY_PATH=/home/nadav/ODrive_Controller/install/odrive_hardware_interface/lib:/home/nadav/ODrive_Controller/install/rplidar_ros/lib:/usr/lib/x86_64-linux-gnu/gazebo-11/plugins:/opt/ros/humble/opt/rviz_ogre_vendor/lib:/opt/ros/humble/lib/x86_64-linux-gnu:/opt/ros/humble/lib /usr/bin/cmake /home/nadav/ODrive_Controller/src/rosbot_bringup -DCMAKE_INSTALL_PREFIX=/home/nadav/ODrive_Controller/install/rosbot_bringup
[0.417s] Invoking command in '/home/nadav/ODrive_Controller/build/rosbot_bringup': CMAKE_PREFIX_PATH=/home/nadav/ODrive_Controller/install/rosbot_description:/home/nadav/ODrive_Controller/install/odrive_hardware_interface:/home/nadav/ODrive_Controller/install/rplidar_ros:/home/nadav/ODrive_Controller/install/rosbot_bringup:/home/nadav/ODrive_Controller/install/odrive_ros2_control:/home/nadav/ODrive_Controller/install/odrive_demo_bringup:/home/nadav/ODrive_Controller/install/odrive_demo_description:/opt/ros/humble LD_LIBRARY_PATH=/home/nadav/ODrive_Controller/install/odrive_hardware_interface/lib:/home/nadav/ODrive_Controller/install/rplidar_ros/lib:/usr/lib/x86_64-linux-gnu/gazebo-11/plugins:/opt/ros/humble/opt/rviz_ogre_vendor/lib:/opt/ros/humble/lib/x86_64-linux-gnu:/opt/ros/humble/lib /usr/bin/cmake --build /home/nadav/ODrive_Controller/build/rosbot_bringup -- -j20 -l20
[0.440s] Invoked command in '/home/nadav/ODrive_Controller/build/rosbot_bringup' returned '0': CMAKE_PREFIX_PATH=/home/nadav/ODrive_Controller/install/rosbot_description:/home/nadav/ODrive_Controller/install/odrive_hardware_interface:/home/nadav/ODrive_Controller/install/rplidar_ros:/home/nadav/ODrive_Controller/install/rosbot_bringup:/home/nadav/ODrive_Controller/install/odrive_ros2_control:/home/nadav/ODrive_Controller/install/odrive_demo_bringup:/home/nadav/ODrive_Controller/install/odrive_demo_description:/opt/ros/humble LD_LIBRARY_PATH=/home/nadav/ODrive_Controller/install/odrive_hardware_interface/lib:/home/nadav/ODrive_Controller/install/rplidar_ros/lib:/usr/lib/x86_64-linux-gnu/gazebo-11/plugins:/opt/ros/humble/opt/rviz_ogre_vendor/lib:/opt/ros/humble/lib/x86_64-linux-gnu:/opt/ros/humble/lib /usr/bin/cmake --build /home/nadav/ODrive_Controller/build/rosbot_bringup -- -j20 -l20
[0.452s] Invoking command in '/home/nadav/ODrive_Controller/build/rosbot_bringup': CMAKE_PREFIX_PATH=/home/nadav/ODrive_Controller/install/rosbot_description:/home/nadav/ODrive_Controller/install/odrive_hardware_interface:/home/nadav/ODrive_Controller/install/rplidar_ros:/home/nadav/ODrive_Controller/install/rosbot_bringup:/home/nadav/ODrive_Controller/install/odrive_ros2_control:/home/nadav/ODrive_Controller/install/odrive_demo_bringup:/home/nadav/ODrive_Controller/install/odrive_demo_description:/opt/ros/humble LD_LIBRARY_PATH=/home/nadav/ODrive_Controller/install/odrive_hardware_interface/lib:/home/nadav/ODrive_Controller/install/rplidar_ros/lib:/usr/lib/x86_64-linux-gnu/gazebo-11/plugins:/opt/ros/humble/opt/rviz_ogre_vendor/lib:/opt/ros/humble/lib/x86_64-linux-gnu:/opt/ros/humble/lib /usr/bin/cmake --install /home/nadav/ODrive_Controller/build/rosbot_bringup
[0.456s] -- Install configuration: ""
[0.456s] -- Installing: /home/nadav/ODrive_Controller/install/rosbot_bringup/share/rosbot_bringup/launch
[0.456s] -- Installing: /home/nadav/ODrive_Controller/install/rosbot_bringup/share/rosbot_bringup/launch/rviz.launch.py
[0.456s] -- Installing: /home/nadav/ODrive_Controller/install/rosbot_bringup/share/rosbot_bringup/launch/robot.launch.py
[0.456s] -- Installing: /home/nadav/ODrive_Controller/install/rosbot_bringup/share/rosbot_bringup/launch/navigation.launch.py
[0.456s] -- Installing: /home/nadav/ODrive_Controller/install/rosbot_bringup/share/rosbot_bringup/launch/gazebo.launch.py
[0.456s] -- Installing: /home/nadav/ODrive_Controller/install/rosbot_bringup/share/rosbot_bringup/launch/slam.launch.py
[0.456s] -- Installing: /home/nadav/ODrive_Controller/install/rosbot_bringup/share/rosbot_bringup/launch/view_robot.launch.py
[0.456s] -- Installing: /home/nadav/ODrive_Controller/install/rosbot_bringup/share/rosbot_bringup/launch/mini_rviz.launch.py
[0.456s] -- Installing: /home/nadav/ODrive_Controller/install/rosbot_bringup/share/rosbot_bringup/launch/localization.launch.py
[0.457s] -- Installing: /home/nadav/ODrive_Controller/install/rosbot_bringup/share/rosbot_bringup/launch/imu.launch.py
[0.457s] -- Installing: /home/nadav/ODrive_Controller/install/rosbot_bringup/share/rosbot_bringup/launch/mini_robot.launch.py
[0.457s] -- Installing: /home/nadav/ODrive_Controller/install/rosbot_bringup/share/ament_index/resource_index/package_run_dependencies/rosbot_bringup
[0.457s] -- Installing: /home/nadav/ODrive_Controller/install/rosbot_bringup/share/ament_index/resource_index/parent_prefix_path/rosbot_bringup
[0.459s] -- Installing: /home/nadav/ODrive_Controller/install/rosbot_bringup/share/rosbot_bringup/environment/ament_prefix_path.sh
[0.459s] -- Installing: /home/nadav/ODrive_Controller/install/rosbot_bringup/share/rosbot_bringup/environment/ament_prefix_path.dsv
[0.459s] -- Installing: /home/nadav/ODrive_Controller/install/rosbot_bringup/share/rosbot_bringup/environment/path.sh
[0.459s] -- Installing: /home/nadav/ODrive_Controller/install/rosbot_bringup/share/rosbot_bringup/environment/path.dsv
[0.459s] -- Installing: /home/nadav/ODrive_Controller/install/rosbot_bringup/share/rosbot_bringup/local_setup.bash
[0.459s] -- Installing: /home/nadav/ODrive_Controller/install/rosbot_bringup/share/rosbot_bringup/local_setup.sh
[0.460s] -- Installing: /home/nadav/ODrive_Controller/install/rosbot_bringup/share/rosbot_bringup/local_setup.zsh
[0.460s] -- Installing: /home/nadav/ODrive_Controller/install/rosbot_bringup/share/rosbot_bringup/local_setup.dsv
[0.460s] -- Installing: /home/nadav/ODrive_Controller/install/rosbot_bringup/share/rosbot_bringup/package.dsv
[0.460s] -- Installing: /home/nadav/ODrive_Controller/install/rosbot_bringup/share/ament_index/resource_index/packages/rosbot_bringup
[0.460s] -- Installing: /home/nadav/ODrive_Controller/install/rosbot_bringup/share/rosbot_bringup/cmake/rosbot_bringupConfig.cmake
[0.460s] -- Installing: /home/nadav/ODrive_Controller/install/rosbot_bringup/share/rosbot_bringup/cmake/rosbot_bringupConfig-version.cmake
[0.460s] -- Installing: /home/nadav/ODrive_Controller/install/rosbot_bringup/share/rosbot_bringup/package.xml
[0.470s] Invoked command in '/home/nadav/ODrive_Controller/build/rosbot_bringup' returned '0': CMAKE_PREFIX_PATH=/home/nadav/ODrive_Controller/install/rosbot_description:/home/nadav/ODrive_Controller/install/odrive_hardware_interface:/home/nadav/ODrive_Controller/install/rplidar_ros:/home/nadav/ODrive_Controller/install/rosbot_bringup:/home/nadav/ODrive_Controller/install/odrive_ros2_control:/home/nadav/ODrive_Controller/install/odrive_demo_bringup:/home/nadav/ODrive_Controller/install/odrive_demo_description:/opt/ros/humble LD_LIBRARY_PATH=/home/nadav/ODrive_Controller/install/odrive_hardware_interface/lib:/home/nadav/ODrive_Controller/install/rplidar_ros/lib:/usr/lib/x86_64-linux-gnu/gazebo-11/plugins:/opt/ros/humble/opt/rviz_ogre_vendor/lib:/opt/ros/humble/lib/x86_64-linux-gnu:/opt/ros/humble/lib /usr/bin/cmake --install /home/nadav/ODrive_Controller/build/rosbot_bringup
