[0.016s] Invoking command in '/home/nadav/ODrive_Controller/build/rosbot_description': CMAKE_PREFIX_PATH=${CMAKE_PREFIX_PATH}:/opt/ros/humble /usr/bin/cmake /home/nadav/ODrive_Controller/src/rosbot_description -DCMAKE_INSTALL_PREFIX=/home/nadav/ODrive_Controller/install/rosbot_description
[0.045s] -- The C compiler identification is GNU 11.3.0
[0.081s] -- The CXX compiler identification is GNU 11.3.0
[0.088s] -- Detecting C compiler ABI info
[0.130s] -- Detecting C compiler ABI info - done
[0.134s] -- Check for working C compiler: /usr/bin/cc - skipped
[0.135s] -- Detecting C compile features
[0.135s] -- Detecting C compile features - done
[0.138s] -- Detecting CXX compiler ABI info
[0.186s] -- Detecting CXX compiler ABI info - done
[0.194s] -- Check for working CXX compiler: /usr/bin/c++ - skipped
[0.194s] -- Detecting CXX compile features
[0.195s] -- Detecting CXX compile features - done
[0.197s] -- Found ament_cmake: 1.3.2 (/opt/ros/humble/share/ament_cmake/cmake)
[0.312s] -- Found Python3: /usr/bin/python3.10 (found version "3.10.6") found components: Interpreter 
[0.411s] -- Configuring done
[0.413s] -- Generating done
[0.414s] -- Build files have been written to: /home/nadav/ODrive_Controller/build/rosbot_description
[0.419s] Invoked command in '/home/nadav/ODrive_Controller/build/rosbot_description' returned '0': CMAKE_PREFIX_PATH=${CMAKE_PREFIX_PATH}:/opt/ros/humble /usr/bin/cmake /home/nadav/ODrive_Controller/src/rosbot_description -DCMAKE_INSTALL_PREFIX=/home/nadav/ODrive_Controller/install/rosbot_description
[0.420s] Invoking command in '/home/nadav/ODrive_Controller/build/rosbot_description': CMAKE_PREFIX_PATH=${CMAKE_PREFIX_PATH}:/opt/ros/humble /usr/bin/cmake --build /home/nadav/ODrive_Controller/build/rosbot_description -- -j20 -l20
[0.441s] Invoked command in '/home/nadav/ODrive_Controller/build/rosbot_description' returned '0': CMAKE_PREFIX_PATH=${CMAKE_PREFIX_PATH}:/opt/ros/humble /usr/bin/cmake --build /home/nadav/ODrive_Controller/build/rosbot_description -- -j20 -l20
[0.458s] Invoking command in '/home/nadav/ODrive_Controller/build/rosbot_description': CMAKE_PREFIX_PATH=${CMAKE_PREFIX_PATH}:/opt/ros/humble /usr/bin/cmake --install /home/nadav/ODrive_Controller/build/rosbot_description
[0.461s] -- Install configuration: ""
[0.461s] -- Installing: /home/nadav/ODrive_Controller/install/rosbot_description/share/rosbot_description/config
[0.461s] -- Installing: /home/nadav/ODrive_Controller/install/rosbot_description/share/rosbot_description/config/navigate_w_replanning_and_recovery.xml
[0.462s] -- Installing: /home/nadav/ODrive_Controller/install/rosbot_description/share/rosbot_description/config/mini_robot_controllers.yaml
[0.462s] -- Installing: /home/nadav/ODrive_Controller/install/rosbot_description/share/rosbot_description/config/bno055.yaml
[0.462s] -- Installing: /home/nadav/ODrive_Controller/install/rosbot_description/share/rosbot_description/config/slam_toolbox_mapping.yaml
[0.462s] -- Installing: /home/nadav/ODrive_Controller/install/rosbot_description/share/rosbot_description/config/mini_robot.rviz
[0.462s] -- Installing: /home/nadav/ODrive_Controller/install/rosbot_description/share/rosbot_description/config/ekf2.yaml
[0.463s] -- Installing: /home/nadav/ODrive_Controller/install/rosbot_description/share/rosbot_description/config/teleop_usb.yaml
[0.463s] -- Installing: /home/nadav/ODrive_Controller/install/rosbot_description/share/rosbot_description/config/ekf.yaml
[0.463s] -- Installing: /home/nadav/ODrive_Controller/install/rosbot_description/share/rosbot_description/config/slam_toolbox_lifelong.yaml
[0.464s] -- Installing: /home/nadav/ODrive_Controller/install/rosbot_description/share/rosbot_description/config/teleop_bluetooth.yaml
[0.465s] -- Installing: /home/nadav/ODrive_Controller/install/rosbot_description/share/rosbot_description/config/navigation.yaml
[0.465s] -- Installing: /home/nadav/ODrive_Controller/install/rosbot_description/share/rosbot_description/config/slam_toolbox_localization.yaml
[0.466s] -- Installing: /home/nadav/ODrive_Controller/install/rosbot_description/share/rosbot_description/config/diff_drive_controller.yaml
[0.466s] -- Installing: /home/nadav/ODrive_Controller/install/rosbot_description/share/rosbot_description/config/localization.yaml
[0.466s] -- Installing: /home/nadav/ODrive_Controller/install/rosbot_description/share/rosbot_description/rviz
[0.466s] -- Installing: /home/nadav/ODrive_Controller/install/rosbot_description/share/rosbot_description/rviz/rosbot.rviz
[0.466s] -- Installing: /home/nadav/ODrive_Controller/install/rosbot_description/share/rosbot_description/gazebo
[0.466s] -- Installing: /home/nadav/ODrive_Controller/install/rosbot_description/share/rosbot_description/gazebo/rosbot.gazebo.xacro
[0.467s] -- Installing: /home/nadav/ODrive_Controller/install/rosbot_description/share/rosbot_description/gazebo/rosbot.materials.xacro
[0.467s] -- Installing: /home/nadav/ODrive_Controller/install/rosbot_description/share/rosbot_description/ros2_control
[0.468s] -- Installing: /home/nadav/ODrive_Controller/install/rosbot_description/share/rosbot_description/ros2_control/rosbot_system.ros2_control.xacro
[0.468s] -- Installing: /home/nadav/ODrive_Controller/install/rosbot_description/share/rosbot_description/urdf
[0.469s] -- Installing: /home/nadav/ODrive_Controller/install/rosbot_description/share/rosbot_description/urdf/rosbot.urdf.xacro
[0.469s] -- Installing: /home/nadav/ODrive_Controller/install/rosbot_description/share/rosbot_description/urdf/rosbot_links.urdf.xacro
[0.469s] -- Installing: /home/nadav/ODrive_Controller/install/rosbot_description/share/rosbot_description/urdf/inertia.urdf.xacro
[0.469s] -- Installing: /home/nadav/ODrive_Controller/install/rosbot_description/share/rosbot_description/world
[0.469s] -- Installing: /home/nadav/ODrive_Controller/install/rosbot_description/share/rosbot_description/world/simple.sdf
[0.469s] -- Installing: /home/nadav/ODrive_Controller/install/rosbot_description/share/rosbot_description/world/office.sdf
[0.471s] -- Installing: /home/nadav/ODrive_Controller/install/rosbot_description/share/rosbot_description/map
[0.471s] -- Installing: /home/nadav/ODrive_Controller/install/rosbot_description/share/rosbot_description/map/office.posegraph
[0.496s] -- Installing: /home/nadav/ODrive_Controller/install/rosbot_description/share/rosbot_description/map/office.pgm
[0.497s] -- Installing: /home/nadav/ODrive_Controller/install/rosbot_description/share/rosbot_description/map/office.data
[0.503s] -- Installing: /home/nadav/ODrive_Controller/install/rosbot_description/share/rosbot_description/map/office.yaml
[0.503s] -- Installing: /home/nadav/ODrive_Controller/install/rosbot_description/share/rosbot_description/meshes
[0.504s] -- Installing: /home/nadav/ODrive_Controller/install/rosbot_description/share/rosbot_description/meshes/rosbot_body.stl
[0.511s] -- Installing: /home/nadav/ODrive_Controller/install/rosbot_description/share/ament_index/resource_index/package_run_dependencies/rosbot_description
[0.512s] -- Installing: /home/nadav/ODrive_Controller/install/rosbot_description/share/ament_index/resource_index/parent_prefix_path/rosbot_description
[0.512s] -- Installing: /home/nadav/ODrive_Controller/install/rosbot_description/share/rosbot_description/environment/ament_prefix_path.sh
[0.512s] -- Installing: /home/nadav/ODrive_Controller/install/rosbot_description/share/rosbot_description/environment/ament_prefix_path.dsv
[0.512s] -- Installing: /home/nadav/ODrive_Controller/install/rosbot_description/share/rosbot_description/environment/path.sh
[0.512s] -- Installing: /home/nadav/ODrive_Controller/install/rosbot_description/share/rosbot_description/environment/path.dsv
[0.512s] -- Installing: /home/nadav/ODrive_Controller/install/rosbot_description/share/rosbot_description/local_setup.bash
[0.512s] -- Installing: /home/nadav/ODrive_Controller/install/rosbot_description/share/rosbot_description/local_setup.sh
[0.513s] -- Installing: /home/nadav/ODrive_Controller/install/rosbot_description/share/rosbot_description/local_setup.zsh
[0.513s] -- Installing: /home/nadav/ODrive_Controller/install/rosbot_description/share/rosbot_description/local_setup.dsv
[0.513s] -- Installing: /home/nadav/ODrive_Controller/install/rosbot_description/share/rosbot_description/package.dsv
[0.513s] -- Installing: /home/nadav/ODrive_Controller/install/rosbot_description/share/ament_index/resource_index/packages/rosbot_description
[0.513s] -- Installing: /home/nadav/ODrive_Controller/install/rosbot_description/share/rosbot_description/cmake/rosbot_descriptionConfig.cmake
[0.513s] -- Installing: /home/nadav/ODrive_Controller/install/rosbot_description/share/rosbot_description/cmake/rosbot_descriptionConfig-version.cmake
[0.513s] -- Installing: /home/nadav/ODrive_Controller/install/rosbot_description/share/rosbot_description/package.xml
[0.516s] Invoked command in '/home/nadav/ODrive_Controller/build/rosbot_description' returned '0': CMAKE_PREFIX_PATH=${CMAKE_PREFIX_PATH}:/opt/ros/humble /usr/bin/cmake --install /home/nadav/ODrive_Controller/build/rosbot_description
