[0.007s] Invoking command in '/home/nadav/ODrive_Controller/build/odrive_ros2_control': CMAKE_PREFIX_PATH=/home/nadav/ODrive_Controller/install/odrive_demo_bringup:/home/nadav/ODrive_Controller/install/odrive_hardware_interface:/home/nadav/ODrive_Controller/install/odrive_demo_description:/home/nadav/ODrive_Controller/install/rplidar_ros:/home/nadav/ODrive_Controller/install/rosbot_bringup:/home/nadav/ODrive_Controller/install/rosbot_description:/home/nadav/ODrive_Controller/install/odrive_ros2_control:/opt/ros/humble LD_LIBRARY_PATH=/home/nadav/ODrive_Controller/install/odrive_hardware_interface/lib:/home/nadav/ODrive_Controller/install/rplidar_ros/lib:/usr/lib/x86_64-linux-gnu/gazebo-11/plugins:/opt/ros/humble/opt/rviz_ogre_vendor/lib:/opt/ros/humble/lib/x86_64-linux-gnu:/opt/ros/humble/lib /usr/bin/cmake /home/nadav/ODrive_Controller/src/odrive/odrive_ros2_control -DCMAKE_INSTALL_PREFIX=/home/nadav/ODrive_Controller/install/odrive_ros2_control
[0.040s] -- The C compiler identification is GNU 11.3.0
[0.075s] -- The CXX compiler identification is GNU 11.3.0
[0.080s] -- Detecting C compiler ABI info
[0.122s] -- Detecting C compiler ABI info - done
[0.127s] -- Check for working C compiler: /usr/bin/cc - skipped
[0.127s] -- Detecting C compile features
[0.127s] -- Detecting C compile features - done
[0.129s] -- Detecting CXX compiler ABI info
[0.179s] -- Detecting CXX compiler ABI info - done
[0.184s] -- Check for working CXX compiler: /usr/bin/c++ - skipped
[0.184s] -- Detecting CXX compile features
[0.184s] -- Detecting CXX compile features - done
[0.186s] -- Found ament_cmake_auto: 1.3.2 (/opt/ros/humble/share/ament_cmake_auto/cmake)
[0.302s] -- Found Python3: /usr/bin/python3.10 (found version "3.10.6") found components: Interpreter 
[0.405s] -- Configuring done
[0.407s] -- Generating done
[0.408s] -- Build files have been written to: /home/nadav/ODrive_Controller/build/odrive_ros2_control
[0.411s] Invoked command in '/home/nadav/ODrive_Controller/build/odrive_ros2_control' returned '0': CMAKE_PREFIX_PATH=/home/nadav/ODrive_Controller/install/odrive_demo_bringup:/home/nadav/ODrive_Controller/install/odrive_hardware_interface:/home/nadav/ODrive_Controller/install/odrive_demo_description:/home/nadav/ODrive_Controller/install/rplidar_ros:/home/nadav/ODrive_Controller/install/rosbot_bringup:/home/nadav/ODrive_Controller/install/rosbot_description:/home/nadav/ODrive_Controller/install/odrive_ros2_control:/opt/ros/humble LD_LIBRARY_PATH=/home/nadav/ODrive_Controller/install/odrive_hardware_interface/lib:/home/nadav/ODrive_Controller/install/rplidar_ros/lib:/usr/lib/x86_64-linux-gnu/gazebo-11/plugins:/opt/ros/humble/opt/rviz_ogre_vendor/lib:/opt/ros/humble/lib/x86_64-linux-gnu:/opt/ros/humble/lib /usr/bin/cmake /home/nadav/ODrive_Controller/src/odrive/odrive_ros2_control -DCMAKE_INSTALL_PREFIX=/home/nadav/ODrive_Controller/install/odrive_ros2_control
[0.412s] Invoking command in '/home/nadav/ODrive_Controller/build/odrive_ros2_control': CMAKE_PREFIX_PATH=/home/nadav/ODrive_Controller/install/odrive_demo_bringup:/home/nadav/ODrive_Controller/install/odrive_hardware_interface:/home/nadav/ODrive_Controller/install/odrive_demo_description:/home/nadav/ODrive_Controller/install/rplidar_ros:/home/nadav/ODrive_Controller/install/rosbot_bringup:/home/nadav/ODrive_Controller/install/rosbot_description:/home/nadav/ODrive_Controller/install/odrive_ros2_control:/opt/ros/humble LD_LIBRARY_PATH=/home/nadav/ODrive_Controller/install/odrive_hardware_interface/lib:/home/nadav/ODrive_Controller/install/rplidar_ros/lib:/usr/lib/x86_64-linux-gnu/gazebo-11/plugins:/opt/ros/humble/opt/rviz_ogre_vendor/lib:/opt/ros/humble/lib/x86_64-linux-gnu:/opt/ros/humble/lib /usr/bin/cmake --build /home/nadav/ODrive_Controller/build/odrive_ros2_control -- -j20 -l20
[0.434s] Invoked command in '/home/nadav/ODrive_Controller/build/odrive_ros2_control' returned '0': CMAKE_PREFIX_PATH=/home/nadav/ODrive_Controller/install/odrive_demo_bringup:/home/nadav/ODrive_Controller/install/odrive_hardware_interface:/home/nadav/ODrive_Controller/install/odrive_demo_description:/home/nadav/ODrive_Controller/install/rplidar_ros:/home/nadav/ODrive_Controller/install/rosbot_bringup:/home/nadav/ODrive_Controller/install/rosbot_description:/home/nadav/ODrive_Controller/install/odrive_ros2_control:/opt/ros/humble LD_LIBRARY_PATH=/home/nadav/ODrive_Controller/install/odrive_hardware_interface/lib:/home/nadav/ODrive_Controller/install/rplidar_ros/lib:/usr/lib/x86_64-linux-gnu/gazebo-11/plugins:/opt/ros/humble/opt/rviz_ogre_vendor/lib:/opt/ros/humble/lib/x86_64-linux-gnu:/opt/ros/humble/lib /usr/bin/cmake --build /home/nadav/ODrive_Controller/build/odrive_ros2_control -- -j20 -l20
[0.447s] Invoking command in '/home/nadav/ODrive_Controller/build/odrive_ros2_control': CMAKE_PREFIX_PATH=/home/nadav/ODrive_Controller/install/odrive_demo_bringup:/home/nadav/ODrive_Controller/install/odrive_hardware_interface:/home/nadav/ODrive_Controller/install/odrive_demo_description:/home/nadav/ODrive_Controller/install/rplidar_ros:/home/nadav/ODrive_Controller/install/rosbot_bringup:/home/nadav/ODrive_Controller/install/rosbot_description:/home/nadav/ODrive_Controller/install/odrive_ros2_control:/opt/ros/humble LD_LIBRARY_PATH=/home/nadav/ODrive_Controller/install/odrive_hardware_interface/lib:/home/nadav/ODrive_Controller/install/rplidar_ros/lib:/usr/lib/x86_64-linux-gnu/gazebo-11/plugins:/opt/ros/humble/opt/rviz_ogre_vendor/lib:/opt/ros/humble/lib/x86_64-linux-gnu:/opt/ros/humble/lib /usr/bin/cmake --install /home/nadav/ODrive_Controller/build/odrive_ros2_control
[0.451s] -- Install configuration: ""
[0.451s] -- Installing: /home/nadav/ODrive_Controller/install/odrive_ros2_control/share/ament_index/resource_index/package_run_dependencies/odrive_ros2_control
[0.451s] -- Installing: /home/nadav/ODrive_Controller/install/odrive_ros2_control/share/ament_index/resource_index/parent_prefix_path/odrive_ros2_control
[0.451s] -- Installing: /home/nadav/ODrive_Controller/install/odrive_ros2_control/share/odrive_ros2_control/environment/ament_prefix_path.sh
[0.451s] -- Installing: /home/nadav/ODrive_Controller/install/odrive_ros2_control/share/odrive_ros2_control/environment/ament_prefix_path.dsv
[0.451s] -- Installing: /home/nadav/ODrive_Controller/install/odrive_ros2_control/share/odrive_ros2_control/environment/path.sh
[0.452s] -- Installing: /home/nadav/ODrive_Controller/install/odrive_ros2_control/share/odrive_ros2_control/environment/path.dsv
[0.452s] -- Installing: /home/nadav/ODrive_Controller/install/odrive_ros2_control/share/odrive_ros2_control/local_setup.bash
[0.452s] -- Installing: /home/nadav/ODrive_Controller/install/odrive_ros2_control/share/odrive_ros2_control/local_setup.sh
[0.452s] -- Installing: /home/nadav/ODrive_Controller/install/odrive_ros2_control/share/odrive_ros2_control/local_setup.zsh
[0.452s] -- Installing: /home/nadav/ODrive_Controller/install/odrive_ros2_control/share/odrive_ros2_control/local_setup.dsv
[0.452s] -- Installing: /home/nadav/ODrive_Controller/install/odrive_ros2_control/share/odrive_ros2_control/package.dsv
[0.452s] -- Installing: /home/nadav/ODrive_Controller/install/odrive_ros2_control/share/ament_index/resource_index/packages/odrive_ros2_control
[0.452s] -- Installing: /home/nadav/ODrive_Controller/install/odrive_ros2_control/share/odrive_ros2_control/cmake/odrive_ros2_controlConfig.cmake
[0.453s] -- Installing: /home/nadav/ODrive_Controller/install/odrive_ros2_control/share/odrive_ros2_control/cmake/odrive_ros2_controlConfig-version.cmake
[0.453s] -- Installing: /home/nadav/ODrive_Controller/install/odrive_ros2_control/share/odrive_ros2_control/package.xml
[0.455s] Invoked command in '/home/nadav/ODrive_Controller/build/odrive_ros2_control' returned '0': CMAKE_PREFIX_PATH=/home/nadav/ODrive_Controller/install/odrive_demo_bringup:/home/nadav/ODrive_Controller/install/odrive_hardware_interface:/home/nadav/ODrive_Controller/install/odrive_demo_description:/home/nadav/ODrive_Controller/install/rplidar_ros:/home/nadav/ODrive_Controller/install/rosbot_bringup:/home/nadav/ODrive_Controller/install/rosbot_description:/home/nadav/ODrive_Controller/install/odrive_ros2_control:/opt/ros/humble LD_LIBRARY_PATH=/home/nadav/ODrive_Controller/install/odrive_hardware_interface/lib:/home/nadav/ODrive_Controller/install/rplidar_ros/lib:/usr/lib/x86_64-linux-gnu/gazebo-11/plugins:/opt/ros/humble/opt/rviz_ogre_vendor/lib:/opt/ros/humble/lib/x86_64-linux-gnu:/opt/ros/humble/lib /usr/bin/cmake --install /home/nadav/ODrive_Controller/build/odrive_ros2_control
