[0.006s] Invoking command in '/home/nadav/ODrive_Controller/build/odrive_demo_bringup': CMAKE_PREFIX_PATH=/home/nadav/ODrive_Controller/install/odrive_demo_description:/home/nadav/ODrive_Controller/install/rplidar_ros:/home/nadav/ODrive_Controller/install/rosbot_bringup:/home/nadav/ODrive_Controller/install/rosbot_description:/home/nadav/ODrive_Controller/install/odrive_ros2_control:/home/nadav/ODrive_Controller/install/odrive_hardware_interface:/home/nadav/ODrive_Controller/install/odrive_demo_bringup:/opt/ros/humble /usr/bin/cmake /home/nadav/ODrive_Controller/src/odrive/odrive_demo_bringup -DCMAKE_INSTALL_PREFIX=/home/nadav/ODrive_Controller/install/odrive_demo_bringup
[0.040s] -- The C compiler identification is GNU 11.3.0
[0.076s] -- The CXX compiler identification is GNU 11.3.0
[0.080s] -- Detecting C compiler ABI info
[0.123s] -- Detecting C compiler ABI info - done
[0.128s] -- Check for working C compiler: /usr/bin/cc - skipped
[0.128s] -- Detecting C compile features
[0.128s] -- Detecting C compile features - done
[0.130s] -- Detecting CXX compiler ABI info
[0.179s] -- Detecting CXX compiler ABI info - done
[0.185s] -- Check for working CXX compiler: /usr/bin/c++ - skipped
[0.185s] -- Detecting CXX compile features
[0.185s] -- Detecting CXX compile features - done
[0.187s] -- Found ament_cmake_auto: 1.3.2 (/opt/ros/humble/share/ament_cmake_auto/cmake)
[0.300s] -- Found Python3: /usr/bin/python3.10 (found version "3.10.6") found components: Interpreter 
[0.400s] -- Configuring done
[0.402s] -- Generating done
[0.403s] -- Build files have been written to: /home/nadav/ODrive_Controller/build/odrive_demo_bringup
[0.407s] Invoked command in '/home/nadav/ODrive_Controller/build/odrive_demo_bringup' returned '0': CMAKE_PREFIX_PATH=/home/nadav/ODrive_Controller/install/odrive_demo_description:/home/nadav/ODrive_Controller/install/rplidar_ros:/home/nadav/ODrive_Controller/install/rosbot_bringup:/home/nadav/ODrive_Controller/install/rosbot_description:/home/nadav/ODrive_Controller/install/odrive_ros2_control:/home/nadav/ODrive_Controller/install/odrive_hardware_interface:/home/nadav/ODrive_Controller/install/odrive_demo_bringup:/opt/ros/humble /usr/bin/cmake /home/nadav/ODrive_Controller/src/odrive/odrive_demo_bringup -DCMAKE_INSTALL_PREFIX=/home/nadav/ODrive_Controller/install/odrive_demo_bringup
[0.407s] Invoking command in '/home/nadav/ODrive_Controller/build/odrive_demo_bringup': CMAKE_PREFIX_PATH=/home/nadav/ODrive_Controller/install/odrive_demo_description:/home/nadav/ODrive_Controller/install/rplidar_ros:/home/nadav/ODrive_Controller/install/rosbot_bringup:/home/nadav/ODrive_Controller/install/rosbot_description:/home/nadav/ODrive_Controller/install/odrive_ros2_control:/home/nadav/ODrive_Controller/install/odrive_hardware_interface:/home/nadav/ODrive_Controller/install/odrive_demo_bringup:/opt/ros/humble /usr/bin/cmake --build /home/nadav/ODrive_Controller/build/odrive_demo_bringup -- -j20 -l20
[0.427s] Invoked command in '/home/nadav/ODrive_Controller/build/odrive_demo_bringup' returned '0': CMAKE_PREFIX_PATH=/home/nadav/ODrive_Controller/install/odrive_demo_description:/home/nadav/ODrive_Controller/install/rplidar_ros:/home/nadav/ODrive_Controller/install/rosbot_bringup:/home/nadav/ODrive_Controller/install/rosbot_description:/home/nadav/ODrive_Controller/install/odrive_ros2_control:/home/nadav/ODrive_Controller/install/odrive_hardware_interface:/home/nadav/ODrive_Controller/install/odrive_demo_bringup:/opt/ros/humble /usr/bin/cmake --build /home/nadav/ODrive_Controller/build/odrive_demo_bringup -- -j20 -l20
[0.443s] Invoking command in '/home/nadav/ODrive_Controller/build/odrive_demo_bringup': CMAKE_PREFIX_PATH=/home/nadav/ODrive_Controller/install/odrive_demo_description:/home/nadav/ODrive_Controller/install/rplidar_ros:/home/nadav/ODrive_Controller/install/rosbot_bringup:/home/nadav/ODrive_Controller/install/rosbot_description:/home/nadav/ODrive_Controller/install/odrive_ros2_control:/home/nadav/ODrive_Controller/install/odrive_hardware_interface:/home/nadav/ODrive_Controller/install/odrive_demo_bringup:/opt/ros/humble /usr/bin/cmake --install /home/nadav/ODrive_Controller/build/odrive_demo_bringup
[0.447s] -- Install configuration: ""
[0.447s] -- Installing: /home/nadav/ODrive_Controller/install/odrive_demo_bringup/share/odrive_demo_bringup/config
[0.447s] -- Installing: /home/nadav/ODrive_Controller/install/odrive_demo_bringup/share/odrive_demo_bringup/config/odrive_multi_interface_forward_controllers.yaml
[0.448s] -- Installing: /home/nadav/ODrive_Controller/install/odrive_demo_bringup/share/odrive_demo_bringup/config/diffbot_controllers.yaml
[0.448s] -- Installing: /home/nadav/ODrive_Controller/install/odrive_demo_bringup/share/odrive_demo_bringup/config/rrbot_controllers.yaml
[0.448s] -- Installing: /home/nadav/ODrive_Controller/install/odrive_demo_bringup/share/odrive_demo_bringup/launch
[0.448s] -- Installing: /home/nadav/ODrive_Controller/install/odrive_demo_bringup/share/odrive_demo_bringup/launch/odrive_multi_interface.launch.py
[0.448s] -- Installing: /home/nadav/ODrive_Controller/install/odrive_demo_bringup/share/odrive_demo_bringup/launch/odrive_rrbot.launch.py
[0.448s] -- Installing: /home/nadav/ODrive_Controller/install/odrive_demo_bringup/share/odrive_demo_bringup/launch/odrive_diffbot.launch.py
[0.448s] -- Installing: /home/nadav/ODrive_Controller/install/odrive_demo_bringup/share/ament_index/resource_index/package_run_dependencies/odrive_demo_bringup
[0.448s] -- Installing: /home/nadav/ODrive_Controller/install/odrive_demo_bringup/share/ament_index/resource_index/parent_prefix_path/odrive_demo_bringup
[0.449s] -- Installing: /home/nadav/ODrive_Controller/install/odrive_demo_bringup/share/odrive_demo_bringup/environment/ament_prefix_path.sh
[0.449s] -- Installing: /home/nadav/ODrive_Controller/install/odrive_demo_bringup/share/odrive_demo_bringup/environment/ament_prefix_path.dsv
[0.449s] -- Installing: /home/nadav/ODrive_Controller/install/odrive_demo_bringup/share/odrive_demo_bringup/environment/path.sh
[0.449s] -- Installing: /home/nadav/ODrive_Controller/install/odrive_demo_bringup/share/odrive_demo_bringup/environment/path.dsv
[0.449s] -- Installing: /home/nadav/ODrive_Controller/install/odrive_demo_bringup/share/odrive_demo_bringup/local_setup.bash
[0.449s] -- Installing: /home/nadav/ODrive_Controller/install/odrive_demo_bringup/share/odrive_demo_bringup/local_setup.sh
[0.449s] -- Installing: /home/nadav/ODrive_Controller/install/odrive_demo_bringup/share/odrive_demo_bringup/local_setup.zsh
[0.449s] -- Installing: /home/nadav/ODrive_Controller/install/odrive_demo_bringup/share/odrive_demo_bringup/local_setup.dsv
[0.449s] -- Installing: /home/nadav/ODrive_Controller/install/odrive_demo_bringup/share/odrive_demo_bringup/package.dsv
[0.450s] -- Installing: /home/nadav/ODrive_Controller/install/odrive_demo_bringup/share/ament_index/resource_index/packages/odrive_demo_bringup
[0.450s] -- Installing: /home/nadav/ODrive_Controller/install/odrive_demo_bringup/share/odrive_demo_bringup/cmake/odrive_demo_bringupConfig.cmake
[0.450s] -- Installing: /home/nadav/ODrive_Controller/install/odrive_demo_bringup/share/odrive_demo_bringup/cmake/odrive_demo_bringupConfig-version.cmake
[0.450s] -- Installing: /home/nadav/ODrive_Controller/install/odrive_demo_bringup/share/odrive_demo_bringup/package.xml
[0.454s] Invoked command in '/home/nadav/ODrive_Controller/build/odrive_demo_bringup' returned '0': CMAKE_PREFIX_PATH=/home/nadav/ODrive_Controller/install/odrive_demo_description:/home/nadav/ODrive_Controller/install/rplidar_ros:/home/nadav/ODrive_Controller/install/rosbot_bringup:/home/nadav/ODrive_Controller/install/rosbot_description:/home/nadav/ODrive_Controller/install/odrive_ros2_control:/home/nadav/ODrive_Controller/install/odrive_hardware_interface:/home/nadav/ODrive_Controller/install/odrive_demo_bringup:/opt/ros/humble /usr/bin/cmake --install /home/nadav/ODrive_Controller/build/odrive_demo_bringup
