-- The C compiler identification is GNU 11.3.0
-- The CXX compiler identification is GNU 11.3.0
-- Detecting C compiler ABI info
-- Detecting C compiler ABI info - done
-- Check for working C compiler: /usr/bin/cc - skipped
-- Detecting C compile features
-- Detecting C compile features - done
-- Detecting CXX compiler ABI info
-- Detecting CXX compiler ABI info - done
-- Check for working CXX compiler: /usr/bin/c++ - skipped
-- Detecting CXX compile features
-- Detecting CXX compile features - done
-- Found ament_cmake_auto: 1.3.2 (/opt/ros/humble/share/ament_cmake_auto/cmake)
-- Found Python3: /usr/bin/python3.10 (found version "3.10.6") found components: Interpreter 
-- Found rosidl_generator_c: 3.1.3 (/opt/ros/humble/share/rosidl_generator_c/cmake)
-- Found rosidl_adapter: 3.1.3 (/opt/ros/humble/share/rosidl_adapter/cmake)
-- Found rosidl_generator_cpp: 3.1.3 (/opt/ros/humble/share/rosidl_generator_cpp/cmake)
-- Using all available rosidl_typesupport_c: rosidl_typesupport_fastrtps_c;rosidl_typesupport_introspection_c
-- Using all available rosidl_typesupport_cpp: rosidl_typesupport_fastrtps_cpp;rosidl_typesupport_introspection_cpp
-- Found rmw_implementation_cmake: 6.1.0 (/opt/ros/humble/share/rmw_implementation_cmake/cmake)
-- Found rmw_fastrtps_cpp: 6.2.1 (/opt/ros/humble/share/rmw_fastrtps_cpp/cmake)
-- Found OpenSSL: /usr/lib/x86_64-linux-gnu/libcrypto.so (found version "3.0.2")  
-- Found FastRTPS: /opt/ros/humble/include  
-- Using RMW implementation 'rmw_fastrtps_cpp' as default
-- Checking for one of the modules 'libusb-1.0'
-- Found ament_lint_auto: 0.12.4 (/opt/ros/humble/share/ament_lint_auto/cmake)
-- Added test 'copyright' to check source files copyright and LICENSE
-- Added test 'cppcheck' to perform static code analysis on C / C++ code
-- Configured cppcheck include dirs: /home/nadav/ODrive_Controller/src/odrive/odrive_hardware_interface/include
-- Configured cppcheck exclude dirs and/or files: 
-- Added test 'cpplint' to check C / C++ code against the Google style
-- Configured cpplint exclude dirs and/or files: 
-- Added test 'lint_cmake' to check CMake code style
-- Added test 'uncrustify' to check C / C++ code style
-- Configured uncrustify additional arguments: 
-- Added test 'xmllint' to check XML markup files
-- Configuring done
-- Generating done
-- Build files have been written to: /home/nadav/ODrive_Controller/build/odrive_hardware_interface
[ 25%] [32mBuilding CXX object CMakeFiles/odrive_usb.dir/src/odrive_usb.cpp.o[0m
[ 50%] [32m[1mLinking CXX shared library libodrive_usb.so[0m
[ 50%] Built target odrive_usb
[ 75%] [32mBuilding CXX object CMakeFiles/odrive_hardware_interface.dir/src/odrive_hardware_interface.cpp.o[0m
[100%] [32m[1mLinking CXX shared library libodrive_hardware_interface.so[0m
[100%] Built target odrive_hardware_interface
-- Install configuration: ""
-- Installing: /home/nadav/ODrive_Controller/install/odrive_hardware_interface/share/odrive_hardware_interface/odrive_hardware_interface.xml
-- Installing: /home/nadav/ODrive_Controller/install/odrive_hardware_interface/include
-- Installing: /home/nadav/ODrive_Controller/install/odrive_hardware_interface/include/odrive_hardware_interface
-- Installing: /home/nadav/ODrive_Controller/install/odrive_hardware_interface/include/odrive_hardware_interface/odrive_usb.hpp
-- Installing: /home/nadav/ODrive_Controller/install/odrive_hardware_interface/include/odrive_hardware_interface/odrive_hardware_interface.hpp
-- Installing: /home/nadav/ODrive_Controller/install/odrive_hardware_interface/include/odrive_hardware_interface/visibility_control.hpp
-- Installing: /home/nadav/ODrive_Controller/install/odrive_hardware_interface/include/odrive_hardware_interface/odrive_endpoints.hpp
-- Installing: /home/nadav/ODrive_Controller/install/odrive_hardware_interface/share/odrive_hardware_interface/environment/library_path.sh
-- Installing: /home/nadav/ODrive_Controller/install/odrive_hardware_interface/share/odrive_hardware_interface/environment/library_path.dsv
-- Installing: /home/nadav/ODrive_Controller/install/odrive_hardware_interface/lib/libodrive_usb.so
-- Set runtime path of "/home/nadav/ODrive_Controller/install/odrive_hardware_interface/lib/libodrive_usb.so" to ""
-- Installing: /home/nadav/ODrive_Controller/install/odrive_hardware_interface/lib/libodrive_hardware_interface.so
-- Set runtime path of "/home/nadav/ODrive_Controller/install/odrive_hardware_interface/lib/libodrive_hardware_interface.so" to ""
-- Installing: /home/nadav/ODrive_Controller/install/odrive_hardware_interface/share/ament_index/resource_index/package_run_dependencies/odrive_hardware_interface
-- Installing: /home/nadav/ODrive_Controller/install/odrive_hardware_interface/share/ament_index/resource_index/parent_prefix_path/odrive_hardware_interface
-- Installing: /home/nadav/ODrive_Controller/install/odrive_hardware_interface/share/odrive_hardware_interface/environment/ament_prefix_path.sh
-- Installing: /home/nadav/ODrive_Controller/install/odrive_hardware_interface/share/odrive_hardware_interface/environment/ament_prefix_path.dsv
-- Installing: /home/nadav/ODrive_Controller/install/odrive_hardware_interface/share/odrive_hardware_interface/environment/path.sh
-- Installing: /home/nadav/ODrive_Controller/install/odrive_hardware_interface/share/odrive_hardware_interface/environment/path.dsv
-- Installing: /home/nadav/ODrive_Controller/install/odrive_hardware_interface/share/odrive_hardware_interface/local_setup.bash
-- Installing: /home/nadav/ODrive_Controller/install/odrive_hardware_interface/share/odrive_hardware_interface/local_setup.sh
-- Installing: /home/nadav/ODrive_Controller/install/odrive_hardware_interface/share/odrive_hardware_interface/local_setup.zsh
-- Installing: /home/nadav/ODrive_Controller/install/odrive_hardware_interface/share/odrive_hardware_interface/local_setup.dsv
-- Installing: /home/nadav/ODrive_Controller/install/odrive_hardware_interface/share/odrive_hardware_interface/package.dsv
-- Installing: /home/nadav/ODrive_Controller/install/odrive_hardware_interface/share/ament_index/resource_index/packages/odrive_hardware_interface
-- Installing: /home/nadav/ODrive_Controller/install/odrive_hardware_interface/share/ament_index/resource_index/hardware_interface__pluginlib__plugin/odrive_hardware_interface
-- Installing: /home/nadav/ODrive_Controller/install/odrive_hardware_interface/share/odrive_hardware_interface/cmake/ament_cmake_export_dependencies-extras.cmake
-- Installing: /home/nadav/ODrive_Controller/install/odrive_hardware_interface/share/odrive_hardware_interface/cmake/ament_cmake_export_include_directories-extras.cmake
-- Installing: /home/nadav/ODrive_Controller/install/odrive_hardware_interface/share/odrive_hardware_interface/cmake/ament_cmake_export_libraries-extras.cmake
-- Installing: /home/nadav/ODrive_Controller/install/odrive_hardware_interface/share/odrive_hardware_interface/cmake/odrive_hardware_interfaceConfig.cmake
-- Installing: /home/nadav/ODrive_Controller/install/odrive_hardware_interface/share/odrive_hardware_interface/cmake/odrive_hardware_interfaceConfig-version.cmake
-- Installing: /home/nadav/ODrive_Controller/install/odrive_hardware_interface/share/odrive_hardware_interface/package.xml
