[0.016s] Invoking command in '/home/nadav/ODrive_Controller/build/odrive_hardware_interface': CMAKE_PREFIX_PATH=${CMAKE_PREFIX_PATH}:/opt/ros/humble /usr/bin/cmake /home/nadav/ODrive_Controller/src/odrive/odrive_hardware_interface -DCMAKE_INSTALL_PREFIX=/home/nadav/ODrive_Controller/install/odrive_hardware_interface
[0.048s] -- The C compiler identification is GNU 11.3.0
[0.084s] -- The CXX compiler identification is GNU 11.3.0
[0.091s] -- Detecting C compiler ABI info
[0.131s] -- Detecting C compiler ABI info - done
[0.137s] -- Check for working C compiler: /usr/bin/cc - skipped
[0.137s] -- Detecting C compile features
[0.137s] -- Detecting C compile features - done
[0.139s] -- Detecting CXX compiler ABI info
[0.188s] -- Detecting CXX compiler ABI info - done
[0.193s] -- Check for working CXX compiler: /usr/bin/c++ - skipped
[0.193s] -- Detecting CXX compile features
[0.193s] -- Detecting CXX compile features - done
[0.195s] -- Found ament_cmake_auto: 1.3.2 (/opt/ros/humble/share/ament_cmake_auto/cmake)
[0.311s] -- Found Python3: /usr/bin/python3.10 (found version "3.10.6") found components: Interpreter 
[0.439s] -- Found rosidl_generator_c: 3.1.3 (/opt/ros/humble/share/rosidl_generator_c/cmake)
[0.443s] -- Found rosidl_adapter: 3.1.3 (/opt/ros/humble/share/rosidl_adapter/cmake)
[0.448s] -- Found rosidl_generator_cpp: 3.1.3 (/opt/ros/humble/share/rosidl_generator_cpp/cmake)
[0.457s] -- Using all available rosidl_typesupport_c: rosidl_typesupport_fastrtps_c;rosidl_typesupport_introspection_c
[0.474s] -- Using all available rosidl_typesupport_cpp: rosidl_typesupport_fastrtps_cpp;rosidl_typesupport_introspection_cpp
[0.857s] -- Found rmw_implementation_cmake: 6.1.0 (/opt/ros/humble/share/rmw_implementation_cmake/cmake)
[0.859s] -- Found rmw_fastrtps_cpp: 6.2.1 (/opt/ros/humble/share/rmw_fastrtps_cpp/cmake)
[0.920s] -- Found OpenSSL: /usr/lib/x86_64-linux-gnu/libcrypto.so (found version "3.0.2")  
[0.939s] -- Found FastRTPS: /opt/ros/humble/include  
[0.972s] -- Using RMW implementation 'rmw_fastrtps_cpp' as default
[1.080s] -- Checking for one of the modules 'libusb-1.0'
[1.237s] -- Found ament_lint_auto: 0.12.4 (/opt/ros/humble/share/ament_lint_auto/cmake)
[1.259s] -- Added test 'copyright' to check source files copyright and LICENSE
[1.261s] -- Added test 'cppcheck' to perform static code analysis on C / C++ code
[1.261s] -- Configured cppcheck include dirs: /home/nadav/ODrive_Controller/src/odrive/odrive_hardware_interface/include
[1.261s] -- Configured cppcheck exclude dirs and/or files: 
[1.263s] -- Added test 'cpplint' to check C / C++ code against the Google style
[1.263s] -- Configured cpplint exclude dirs and/or files: 
[1.264s] -- Added test 'lint_cmake' to check CMake code style
[1.265s] -- Added test 'uncrustify' to check C / C++ code style
[1.265s] -- Configured uncrustify additional arguments: 
[1.266s] -- Added test 'xmllint' to check XML markup files
[1.270s] -- Configuring done
[1.319s] -- Generating done
[1.321s] -- Build files have been written to: /home/nadav/ODrive_Controller/build/odrive_hardware_interface
[1.328s] Invoked command in '/home/nadav/ODrive_Controller/build/odrive_hardware_interface' returned '0': CMAKE_PREFIX_PATH=${CMAKE_PREFIX_PATH}:/opt/ros/humble /usr/bin/cmake /home/nadav/ODrive_Controller/src/odrive/odrive_hardware_interface -DCMAKE_INSTALL_PREFIX=/home/nadav/ODrive_Controller/install/odrive_hardware_interface
[1.330s] Invoking command in '/home/nadav/ODrive_Controller/build/odrive_hardware_interface': CMAKE_PREFIX_PATH=${CMAKE_PREFIX_PATH}:/opt/ros/humble /usr/bin/cmake --build /home/nadav/ODrive_Controller/build/odrive_hardware_interface -- -j20 -l20
[1.361s] [ 25%] [32mBuilding CXX object CMakeFiles/odrive_usb.dir/src/odrive_usb.cpp.o[0m
[1.701s] [ 50%] [32m[1mLinking CXX shared library libodrive_usb.so[0m
[1.790s] [ 50%] Built target odrive_usb
[1.802s] [ 75%] [32mBuilding CXX object CMakeFiles/odrive_hardware_interface.dir/src/odrive_hardware_interface.cpp.o[0m
[4.023s] [100%] [32m[1mLinking CXX shared library libodrive_hardware_interface.so[0m
[4.140s] [100%] Built target odrive_hardware_interface
[4.147s] Invoked command in '/home/nadav/ODrive_Controller/build/odrive_hardware_interface' returned '0': CMAKE_PREFIX_PATH=${CMAKE_PREFIX_PATH}:/opt/ros/humble /usr/bin/cmake --build /home/nadav/ODrive_Controller/build/odrive_hardware_interface -- -j20 -l20
[4.164s] Invoking command in '/home/nadav/ODrive_Controller/build/odrive_hardware_interface': CMAKE_PREFIX_PATH=${CMAKE_PREFIX_PATH}:/opt/ros/humble /usr/bin/cmake --install /home/nadav/ODrive_Controller/build/odrive_hardware_interface
[4.168s] -- Install configuration: ""
[4.168s] -- Installing: /home/nadav/ODrive_Controller/install/odrive_hardware_interface/share/odrive_hardware_interface/odrive_hardware_interface.xml
[4.168s] -- Installing: /home/nadav/ODrive_Controller/install/odrive_hardware_interface/include
[4.168s] -- Installing: /home/nadav/ODrive_Controller/install/odrive_hardware_interface/include/odrive_hardware_interface
[4.168s] -- Installing: /home/nadav/ODrive_Controller/install/odrive_hardware_interface/include/odrive_hardware_interface/odrive_usb.hpp
[4.169s] -- Installing: /home/nadav/ODrive_Controller/install/odrive_hardware_interface/include/odrive_hardware_interface/odrive_hardware_interface.hpp
[4.169s] -- Installing: /home/nadav/ODrive_Controller/install/odrive_hardware_interface/include/odrive_hardware_interface/visibility_control.hpp
[4.169s] -- Installing: /home/nadav/ODrive_Controller/install/odrive_hardware_interface/include/odrive_hardware_interface/odrive_endpoints.hpp
[4.169s] -- Installing: /home/nadav/ODrive_Controller/install/odrive_hardware_interface/share/odrive_hardware_interface/environment/library_path.sh
[4.169s] -- Installing: /home/nadav/ODrive_Controller/install/odrive_hardware_interface/share/odrive_hardware_interface/environment/library_path.dsv
[4.169s] -- Installing: /home/nadav/ODrive_Controller/install/odrive_hardware_interface/lib/libodrive_usb.so
[4.170s] -- Set runtime path of "/home/nadav/ODrive_Controller/install/odrive_hardware_interface/lib/libodrive_usb.so" to ""
[4.170s] -- Installing: /home/nadav/ODrive_Controller/install/odrive_hardware_interface/lib/libodrive_hardware_interface.so
[4.171s] -- Set runtime path of "/home/nadav/ODrive_Controller/install/odrive_hardware_interface/lib/libodrive_hardware_interface.so" to ""
[4.171s] -- Installing: /home/nadav/ODrive_Controller/install/odrive_hardware_interface/share/ament_index/resource_index/package_run_dependencies/odrive_hardware_interface
[4.171s] -- Installing: /home/nadav/ODrive_Controller/install/odrive_hardware_interface/share/ament_index/resource_index/parent_prefix_path/odrive_hardware_interface
[4.171s] -- Installing: /home/nadav/ODrive_Controller/install/odrive_hardware_interface/share/odrive_hardware_interface/environment/ament_prefix_path.sh
[4.171s] -- Installing: /home/nadav/ODrive_Controller/install/odrive_hardware_interface/share/odrive_hardware_interface/environment/ament_prefix_path.dsv
[4.171s] -- Installing: /home/nadav/ODrive_Controller/install/odrive_hardware_interface/share/odrive_hardware_interface/environment/path.sh
[4.172s] -- Installing: /home/nadav/ODrive_Controller/install/odrive_hardware_interface/share/odrive_hardware_interface/environment/path.dsv
[4.172s] -- Installing: /home/nadav/ODrive_Controller/install/odrive_hardware_interface/share/odrive_hardware_interface/local_setup.bash
[4.172s] -- Installing: /home/nadav/ODrive_Controller/install/odrive_hardware_interface/share/odrive_hardware_interface/local_setup.sh
[4.172s] -- Installing: /home/nadav/ODrive_Controller/install/odrive_hardware_interface/share/odrive_hardware_interface/local_setup.zsh
[4.172s] -- Installing: /home/nadav/ODrive_Controller/install/odrive_hardware_interface/share/odrive_hardware_interface/local_setup.dsv
[4.172s] -- Installing: /home/nadav/ODrive_Controller/install/odrive_hardware_interface/share/odrive_hardware_interface/package.dsv
[4.172s] -- Installing: /home/nadav/ODrive_Controller/install/odrive_hardware_interface/share/ament_index/resource_index/packages/odrive_hardware_interface
[4.172s] -- Installing: /home/nadav/ODrive_Controller/install/odrive_hardware_interface/share/ament_index/resource_index/hardware_interface__pluginlib__plugin/odrive_hardware_interface
[4.172s] -- Installing: /home/nadav/ODrive_Controller/install/odrive_hardware_interface/share/odrive_hardware_interface/cmake/ament_cmake_export_dependencies-extras.cmake
[4.173s] -- Installing: /home/nadav/ODrive_Controller/install/odrive_hardware_interface/share/odrive_hardware_interface/cmake/ament_cmake_export_include_directories-extras.cmake
[4.173s] -- Installing: /home/nadav/ODrive_Controller/install/odrive_hardware_interface/share/odrive_hardware_interface/cmake/ament_cmake_export_libraries-extras.cmake
[4.173s] -- Installing: /home/nadav/ODrive_Controller/install/odrive_hardware_interface/share/odrive_hardware_interface/cmake/odrive_hardware_interfaceConfig.cmake
[4.173s] -- Installing: /home/nadav/ODrive_Controller/install/odrive_hardware_interface/share/odrive_hardware_interface/cmake/odrive_hardware_interfaceConfig-version.cmake
[4.173s] -- Installing: /home/nadav/ODrive_Controller/install/odrive_hardware_interface/share/odrive_hardware_interface/package.xml
[4.176s] Invoked command in '/home/nadav/ODrive_Controller/build/odrive_hardware_interface' returned '0': CMAKE_PREFIX_PATH=${CMAKE_PREFIX_PATH}:/opt/ros/humble /usr/bin/cmake --install /home/nadav/ODrive_Controller/build/odrive_hardware_interface
