[0.019s] Invoking command in '/home/nadav/ODrive_Controller/build/odrive_demo_description': CMAKE_PREFIX_PATH=${CMAKE_PREFIX_PATH}:/opt/ros/humble /usr/bin/cmake /home/nadav/ODrive_Controller/src/odrive/odrive_demo_description -DCMAKE_INSTALL_PREFIX=/home/nadav/ODrive_Controller/install/odrive_demo_description
[0.053s] -- The C compiler identification is GNU 11.3.0
[0.090s] -- The CXX compiler identification is GNU 11.3.0
[0.094s] -- Detecting C compiler ABI info
[0.137s] -- Detecting C compiler ABI info - done
[0.146s] -- Check for working C compiler: /usr/bin/cc - skipped
[0.146s] -- Detecting C compile features
[0.146s] -- Detecting C compile features - done
[0.149s] -- Detecting CXX compiler ABI info
[0.197s] -- Detecting CXX compiler ABI info - done
[0.202s] -- Check for working CXX compiler: /usr/bin/c++ - skipped
[0.202s] -- Detecting CXX compile features
[0.202s] -- Detecting CXX compile features - done
[0.204s] -- Found ament_cmake_auto: 1.3.2 (/opt/ros/humble/share/ament_cmake_auto/cmake)
[0.317s] -- Found Python3: /usr/bin/python3.10 (found version "3.10.6") found components: Interpreter 
[0.419s] -- Configuring done
[0.421s] -- Generating done
[0.422s] -- Build files have been written to: /home/nadav/ODrive_Controller/build/odrive_demo_description
[0.425s] Invoked command in '/home/nadav/ODrive_Controller/build/odrive_demo_description' returned '0': CMAKE_PREFIX_PATH=${CMAKE_PREFIX_PATH}:/opt/ros/humble /usr/bin/cmake /home/nadav/ODrive_Controller/src/odrive/odrive_demo_description -DCMAKE_INSTALL_PREFIX=/home/nadav/ODrive_Controller/install/odrive_demo_description
[0.427s] Invoking command in '/home/nadav/ODrive_Controller/build/odrive_demo_description': CMAKE_PREFIX_PATH=${CMAKE_PREFIX_PATH}:/opt/ros/humble /usr/bin/cmake --build /home/nadav/ODrive_Controller/build/odrive_demo_description -- -j20 -l20
[0.448s] Invoked command in '/home/nadav/ODrive_Controller/build/odrive_demo_description' returned '0': CMAKE_PREFIX_PATH=${CMAKE_PREFIX_PATH}:/opt/ros/humble /usr/bin/cmake --build /home/nadav/ODrive_Controller/build/odrive_demo_description -- -j20 -l20
[0.465s] Invoking command in '/home/nadav/ODrive_Controller/build/odrive_demo_description': CMAKE_PREFIX_PATH=${CMAKE_PREFIX_PATH}:/opt/ros/humble /usr/bin/cmake --install /home/nadav/ODrive_Controller/build/odrive_demo_description
[0.468s] -- Install configuration: ""
[0.468s] -- Installing: /home/nadav/ODrive_Controller/install/odrive_demo_description/share/odrive_demo_description/urdf
[0.468s] -- Installing: /home/nadav/ODrive_Controller/install/odrive_demo_description/share/odrive_demo_description/urdf/odrive_rrbot.urdf.xacro
[0.468s] -- Installing: /home/nadav/ODrive_Controller/install/odrive_demo_description/share/odrive_demo_description/urdf/odrive_diffbot.urdf.xacro
[0.468s] -- Installing: /home/nadav/ODrive_Controller/install/odrive_demo_description/share/odrive_demo_description/urdf/odrive.urdf.xacro
[0.469s] -- Installing: /home/nadav/ODrive_Controller/install/odrive_demo_description/share/odrive_demo_description/urdf/odrive.ros2_control.xacro
[0.469s] -- Installing: /home/nadav/ODrive_Controller/install/odrive_demo_description/share/ament_index/resource_index/package_run_dependencies/odrive_demo_description
[0.469s] -- Installing: /home/nadav/ODrive_Controller/install/odrive_demo_description/share/ament_index/resource_index/parent_prefix_path/odrive_demo_description
[0.469s] -- Installing: /home/nadav/ODrive_Controller/install/odrive_demo_description/share/odrive_demo_description/environment/ament_prefix_path.sh
[0.469s] -- Installing: /home/nadav/ODrive_Controller/install/odrive_demo_description/share/odrive_demo_description/environment/ament_prefix_path.dsv
[0.469s] -- Installing: /home/nadav/ODrive_Controller/install/odrive_demo_description/share/odrive_demo_description/environment/path.sh
[0.469s] -- Installing: /home/nadav/ODrive_Controller/install/odrive_demo_description/share/odrive_demo_description/environment/path.dsv
[0.470s] -- Installing: /home/nadav/ODrive_Controller/install/odrive_demo_description/share/odrive_demo_description/local_setup.bash
[0.470s] -- Installing: /home/nadav/ODrive_Controller/install/odrive_demo_description/share/odrive_demo_description/local_setup.sh
[0.470s] -- Installing: /home/nadav/ODrive_Controller/install/odrive_demo_description/share/odrive_demo_description/local_setup.zsh
[0.470s] -- Installing: /home/nadav/ODrive_Controller/install/odrive_demo_description/share/odrive_demo_description/local_setup.dsv
[0.471s] -- Installing: /home/nadav/ODrive_Controller/install/odrive_demo_description/share/odrive_demo_description/package.dsv
[0.471s] -- Installing: /home/nadav/ODrive_Controller/install/odrive_demo_description/share/ament_index/resource_index/packages/odrive_demo_description
[0.471s] -- Installing: /home/nadav/ODrive_Controller/install/odrive_demo_description/share/odrive_demo_description/cmake/odrive_demo_descriptionConfig.cmake
[0.471s] -- Installing: /home/nadav/ODrive_Controller/install/odrive_demo_description/share/odrive_demo_description/cmake/odrive_demo_descriptionConfig-version.cmake
[0.472s] -- Installing: /home/nadav/ODrive_Controller/install/odrive_demo_description/share/odrive_demo_description/package.xml
[0.476s] Invoked command in '/home/nadav/ODrive_Controller/build/odrive_demo_description' returned '0': CMAKE_PREFIX_PATH=${CMAKE_PREFIX_PATH}:/opt/ros/humble /usr/bin/cmake --install /home/nadav/ODrive_Controller/build/odrive_demo_description
